<?xml version="1.0" encoding="UTF-8"?>
<testsuite name="com.mwguerra.jpm3gradle.JpM3GradleApplicationTests" tests="1" skipped="0" failures="0" errors="0" timestamp="2021-10-08T13:34:50" hostname="Marcelos-MacBook-Pro.local" time="0.29">
  <properties/>
  <testcase name="contextLoads()" classname="com.mwguerra.jpm3gradle.JpM3GradleApplicationTests" time="0.29"/>
  <system-out><![CDATA[10:34:48.225 [Test worker] DEBUG org.springframework.test.context.BootstrapUtils - Instantiating CacheAwareContextLoaderDelegate from class [org.springframework.test.context.cache.DefaultCacheAwareContextLoaderDelegate]
10:34:48.235 [Test worker] DEBUG org.springframework.test.context.BootstrapUtils - Instantiating BootstrapContext using constructor [public org.springframework.test.context.support.DefaultBootstrapContext(java.lang.Class,org.springframework.test.context.CacheAwareContextLoaderDelegate)]
10:34:48.263 [Test worker] DEBUG org.springframework.test.context.BootstrapUtils - Instantiating TestContextBootstrapper for test class [com.mwguerra.jpm3gradle.JpM3GradleApplicationTests] from class [org.springframework.boot.test.context.SpringBootTestContextBootstrapper]
10:34:48.272 [Test worker] INFO org.springframework.boot.test.context.SpringBootTestContextBootstrapper - Neither @ContextConfiguration nor @ContextHierarchy found for test class [com.mwguerra.jpm3gradle.JpM3GradleApplicationTests], using SpringBootContextLoader
10:34:48.276 [Test worker] DEBUG org.springframework.test.context.support.AbstractContextLoader - Did not detect default resource location for test class [com.mwguerra.jpm3gradle.JpM3GradleApplicationTests]: class path resource [com/mwguerra/jpm3gradle/JpM3GradleApplicationTests-context.xml] does not exist
10:34:48.277 [Test worker] DEBUG org.springframework.test.context.support.AbstractContextLoader - Did not detect default resource location for test class [com.mwguerra.jpm3gradle.JpM3GradleApplicationTests]: class path resource [com/mwguerra/jpm3gradle/JpM3GradleApplicationTestsContext.groovy] does not exist
10:34:48.277 [Test worker] INFO org.springframework.test.context.support.AbstractContextLoader - Could not detect default resource locations for test class [com.mwguerra.jpm3gradle.JpM3GradleApplicationTests]: no resource found for suffixes {-context.xml, Context.groovy}.
10:34:48.278 [Test worker] INFO org.springframework.test.context.support.AnnotationConfigContextLoaderUtils - Could not detect default configuration classes for test class [com.mwguerra.jpm3gradle.JpM3GradleApplicationTests]: JpM3GradleApplicationTests does not declare any static, non-private, non-final, nested classes annotated with @Configuration.
10:34:48.323 [Test worker] DEBUG org.springframework.test.context.support.ActiveProfilesUtils - Could not find an 'annotation declaring class' for annotation type [org.springframework.test.context.ActiveProfiles] and class [com.mwguerra.jpm3gradle.JpM3GradleApplicationTests]
10:34:48.375 [Test worker] DEBUG org.springframework.context.annotation.ClassPathScanningCandidateComponentProvider - Identified candidate component class: file [/Users/guerra/Documents/code/mentorama/jp-m3-gradle/build/classes/java/main/com/mwguerra/jpm3gradle/JpM3GradleApplication.class]
10:34:48.376 [Test worker] INFO org.springframework.boot.test.context.SpringBootTestContextBootstrapper - Found @SpringBootConfiguration com.mwguerra.jpm3gradle.JpM3GradleApplication for test class com.mwguerra.jpm3gradle.JpM3GradleApplicationTests
10:34:48.457 [Test worker] DEBUG org.springframework.boot.test.context.SpringBootTestContextBootstrapper - @TestExecutionListeners is not present for class [com.mwguerra.jpm3gradle.JpM3GradleApplicationTests]: using defaults.
10:34:48.457 [Test worker] INFO org.springframework.boot.test.context.SpringBootTestContextBootstrapper - Loaded default TestExecutionListener class names from location [META-INF/spring.factories]: [org.springframework.boot.test.autoconfigure.restdocs.RestDocsTestExecutionListener, org.springframework.boot.test.autoconfigure.web.client.MockRestServiceServerResetTestExecutionListener, org.springframework.boot.test.autoconfigure.web.servlet.MockMvcPrintOnlyOnFailureTestExecutionListener, org.springframework.boot.test.autoconfigure.web.servlet.WebDriverTestExecutionListener, org.springframework.boot.test.autoconfigure.webservices.client.MockWebServiceServerTestExecutionListener, org.springframework.boot.test.mock.mockito.MockitoTestExecutionListener, org.springframework.boot.test.mock.mockito.ResetMocksTestExecutionListener, org.springframework.test.context.web.ServletTestExecutionListener, org.springframework.test.context.support.DirtiesContextBeforeModesTestExecutionListener, org.springframework.test.context.event.ApplicationEventsTestExecutionListener, org.springframework.test.context.support.DependencyInjectionTestExecutionListener, org.springframework.test.context.support.DirtiesContextTestExecutionListener, org.springframework.test.context.transaction.TransactionalTestExecutionListener, org.springframework.test.context.jdbc.SqlScriptsTestExecutionListener, org.springframework.test.context.event.EventPublishingTestExecutionListener]
10:34:48.465 [Test worker] DEBUG org.springframework.boot.test.context.SpringBootTestContextBootstrapper - Skipping candidate TestExecutionListener [org.springframework.test.context.transaction.TransactionalTestExecutionListener] due to a missing dependency. Specify custom listener classes or make the default listener classes and their required dependencies available. Offending class: [org/springframework/transaction/TransactionDefinition]
10:34:48.466 [Test worker] DEBUG org.springframework.boot.test.context.SpringBootTestContextBootstrapper - Skipping candidate TestExecutionListener [org.springframework.test.context.jdbc.SqlScriptsTestExecutionListener] due to a missing dependency. Specify custom listener classes or make the default listener classes and their required dependencies available. Offending class: [org/springframework/transaction/interceptor/TransactionAttribute]
10:34:48.466 [Test worker] INFO org.springframework.boot.test.context.SpringBootTestContextBootstrapper - Using TestExecutionListeners: [org.springframework.test.context.web.ServletTestExecutionListener@687a762c, org.springframework.test.context.support.DirtiesContextBeforeModesTestExecutionListener@1a2e2935, org.springframework.test.context.event.ApplicationEventsTestExecutionListener@733c423e, org.springframework.boot.test.mock.mockito.MockitoTestExecutionListener@4b629f13, org.springframework.boot.test.autoconfigure.SpringBootDependencyInjectionTestExecutionListener@70925b45, org.springframework.test.context.support.DirtiesContextTestExecutionListener@1b9ea3e3, org.springframework.test.context.event.EventPublishingTestExecutionListener@aa22f1c, org.springframework.boot.test.autoconfigure.restdocs.RestDocsTestExecutionListener@55e7a35c, org.springframework.boot.test.autoconfigure.web.client.MockRestServiceServerResetTestExecutionListener@37cd92d6, org.springframework.boot.test.autoconfigure.web.servlet.MockMvcPrintOnlyOnFailureTestExecutionListener@5922ae77, org.springframework.boot.test.autoconfigure.web.servlet.WebDriverTestExecutionListener@4263b080, org.springframework.boot.test.autoconfigure.webservices.client.MockWebServiceServerTestExecutionListener@2af616d3, org.springframework.boot.test.mock.mockito.ResetMocksTestExecutionListener@71f67a79]
10:34:48.469 [Test worker] DEBUG org.springframework.test.context.support.AbstractDirtiesContextTestExecutionListener - Before test class: context [DefaultTestContext@2cd2c8fe testClass = JpM3GradleApplicationTests, testInstance = [null], testMethod = [null], testException = [null], mergedContextConfiguration = [WebMergedContextConfiguration@7d61eccf testClass = JpM3GradleApplicationTests, locations = '{}', classes = '{class com.mwguerra.jpm3gradle.JpM3GradleApplication}', contextInitializerClasses = '[]', activeProfiles = '{}', propertySourceLocations = '{}', propertySourceProperties = '{org.springframework.boot.test.context.SpringBootTestContextBootstrapper=true}', contextCustomizers = set[org.springframework.boot.test.autoconfigure.actuate.metrics.MetricsExportContextCustomizerFactory$DisableMetricExportContextCustomizer@5cdd09b1, org.springframework.boot.test.autoconfigure.properties.PropertyMappingContextCustomizer@0, org.springframework.boot.test.autoconfigure.web.servlet.WebDriverContextCustomizerFactory$Customizer@73173f63, org.springframework.boot.test.context.filter.ExcludeFilterContextCustomizer@5066d65f, org.springframework.boot.test.json.DuplicateJsonObjectContextCustomizerFactory$DuplicateJsonObjectContextCustomizer@3ecd267f, org.springframework.boot.test.mock.mockito.MockitoContextCustomizer@0, org.springframework.boot.test.web.client.TestRestTemplateContextCustomizer@13e547a9, org.springframework.boot.test.context.SpringBootTestArgs@1, org.springframework.boot.test.context.SpringBootTestWebEnvironment@446a1e84], resourceBasePath = 'src/main/webapp', contextLoader = 'org.springframework.boot.test.context.SpringBootContextLoader', parent = [null]], attributes = map['org.springframework.test.context.web.ServletTestExecutionListener.activateListener' -> true]], class annotated with @DirtiesContext [false] with mode [null].
10:34:48.499 [Test worker] DEBUG org.springframework.test.context.support.TestPropertySourceUtils - Adding inlined properties to environment: {spring.jmx.enabled=false, org.springframework.boot.test.context.SpringBootTestContextBootstrapper=true}

  .   ____          _            __ _ _
 /\\ / ___'_ __ _ _(_)_ __  __ _ \ \ \ \
( ( )\___ | '_ | '_| | '_ \/ _` | \ \ \ \
 \\/  ___)| |_)| | | | | || (_| |  ) ) ) )
  '  |____| .__|_| |_|_| |_\__, | / / / /
 =========|_|==============|___/=/_/_/_/
 :: Spring Boot ::                (v2.5.5)

2021-10-08 10:34:48.990  INFO 23015 --- [    Test worker] c.m.j.JpM3GradleApplicationTests         : Starting JpM3GradleApplicationTests using Java 11.0.10 on Marcelos-MacBook-Pro.local with PID 23015 (started by guerra in /Users/guerra/Documents/code/mentorama/jp-m3-gradle)
2021-10-08 10:34:48.993  INFO 23015 --- [    Test worker] c.m.j.JpM3GradleApplicationTests         : No active profile set, falling back to default profiles: default
2021-10-08 10:34:50.056  INFO 23015 --- [    Test worker] c.m.j.JpM3GradleApplicationTests         : Started JpM3GradleApplicationTests in 1.546 seconds (JVM running for 2.532)
]]></system-out>
  <system-err><![CDATA[]]></system-err>
</testsuite>
